2025-03-04 13:44:01,399 - INFO - Dash is running on http://127.0.0.1:8050/

2025-03-04 13:45:13,453 - INFO - Dash is running on http://127.0.0.1:8050/

2025-03-04 14:11:21,685 - INFO - Token do Mapbox não fornecido; utilizando 'open-street-map'.
2025-03-04 14:11:21,688 - INFO - Token do Mapbox não fornecido; utilizando 'open-street-map'.
2025-03-04 14:11:27,744 - INFO - Token do Mapbox não fornecido; utilizando 'open-street-map'.
2025-03-04 14:11:27,746 - INFO - Token do Mapbox não fornecido; utilizando 'open-street-map'.
2025-03-04 14:11:31,124 - INFO - Token do Mapbox não fornecido; utilizando 'open-street-map'.
2025-03-04 14:11:31,125 - INFO - Token do Mapbox não fornecido; utilizando 'open-street-map'.
2025-03-04 14:49:01,498 - INFO - Token do Mapbox não fornecido; utilizando 'open-street-map'.
2025-03-04 14:49:01,499 - INFO - Token do Mapbox não fornecido; utilizando 'open-street-map'.
2025-03-04 16:36:27,286 - INFO - Dash is running on http://127.0.0.1:8050/

2025-03-05 09:10:09,883 - INFO - Dash is running on http://127.0.0.1:8050/

2025-03-06 07:11:27,736 - INFO - Nenhum dado retornado da query para Basculamento.
2025-03-06 07:11:27,788 - INFO - Nenhum dado retornado da query para Carregamento.
2025-03-06 07:22:55,065 - INFO - Nenhum dado retornado da query para Carregamento.
2025-03-06 07:22:55,223 - INFO - Nenhum dado retornado da query para Basculamento.
2025-03-06 10:32:00,339 - INFO - Dash is running on http://127.0.0.1:8050/

2025-03-06 10:38:27,942 - INFO - Dash is running on http://127.0.0.1:8050/

2025-03-06 11:33:03,658 - INFO - Dash is running on http://127.0.0.1:8050/

2025-03-06 15:40:54,785 - INFO - Dash is running on http://127.0.0.1:8050/

2025-03-06 16:37:02,119 - INFO - Dash is running on http://127.0.0.1:8050/

2025-03-07 07:05:51,863 - INFO - Nenhum dado retornado da query para Carregamento.
2025-03-07 07:05:51,946 - INFO - Nenhum dado retornado da query para Basculamento.
2025-03-07 07:06:07,492 - INFO - Nenhum dado retornado da query para Carregamento.
2025-03-07 07:06:08,046 - INFO - Nenhum dado retornado da query para Basculamento.
2025-03-07 14:22:02,072 - INFO - Dash is running on http://127.0.0.1:8050/

2025-03-07 14:26:47,824 - INFO - Dash is running on http://127.0.0.1:8050/

2025-03-07 19:14:55,881 - INFO - Dash is running on http://127.0.0.1:8050/

2025-03-08 07:30:55,115 - INFO - Dash is running on http://127.0.0.1:8050/

2025-03-08 07:30:57,025 - INFO - Nenhum dado retornado da query para Carregamento.
2025-03-08 07:30:57,451 - INFO - Nenhum dado retornado da query para Basculamento.
2025-03-10 07:14:06,311 - INFO - Dash is running on http://127.0.0.1:8050/

2025-03-10 07:14:13,988 - INFO - Nenhum dado retornado da query para Carregamento.
2025-03-10 07:14:14,529 - INFO - Nenhum dado retornado da query para Basculamento.
2025-03-10 08:39:55,681 - INFO - Dash is running on http://127.0.0.1:8050/

2025-03-10 13:11:01,559 - INFO - Dash is running on http://127.0.0.1:8050/

2025-03-10 15:19:58,943 - INFO - Dash is running on http://127.0.0.1:8050/

2025-03-10 16:15:23,165 - INFO - Dash is running on http://127.0.0.1:8050/

2025-03-10 16:26:21,764 - INFO - Dash is running on http://127.0.0.1:8050/

2025-03-10 16:50:33,080 - INFO - Dash is running on http://127.0.0.1:8050/

2025-03-11 07:56:25,696 - INFO - Dash is running on http://127.0.0.1:8050/

2025-03-12 07:11:51,535 - INFO - Dash is running on http://127.0.0.1:8050/

2025-03-13 07:30:23,281 - INFO - Dash is running on http://127.0.0.1:8050/

2025-03-15 07:32:16,309 - INFO - Dash is running on http://127.0.0.1:8050/

2025-03-17 07:38:12,298 - INFO - Dash is running on http://127.0.0.1:8050/

2025-03-18 07:17:12,801 - INFO - Dash is running on http://127.0.0.1:8050/

2025-03-19 07:20:44,928 - INFO - Dash is running on http://127.0.0.1:8050/

2025-03-20 07:36:00,592 - INFO - Dash is running on http://127.0.0.1:8050/

2025-03-20 07:46:33,829 - INFO - Dash is running on http://127.0.0.1:8050/

2025-03-20 07:48:26,384 - INFO - Dash is running on http://127.0.0.1:8050/

2025-03-20 07:48:50,910 - ERROR - Erro na execução da query: (pyodbc.OperationalError) ('08001', '[08001] [Microsoft][ODBC Driver 18 for SQL Server]Provedor TCP: Este host não é conhecido.\r\n (11001) (SQLDriverConnect); [08001] [Microsoft][ODBC Driver 18 for SQL Server]O tempo limite do logon expirou (0); [08001] [Microsoft][ODBC Driver 18 for SQL Server]Ocorreu um erro relacionado à rede ou específico da instância ao estabelecer uma conexão com www.minetrack.com.br,8112. Servidor não encontrado ou não acessível. Verifique se o nome da instância está correto e se o SQL Server está configurado para permitir conexões remotas. Para mais informações, veja os Manuais Online do SQL Server. (11001)')
(Background on this error at: https://sqlalche.me/e/20/e3q8)
2025-03-20 07:48:50,913 - ERROR - Erro na execução da query: (pyodbc.OperationalError) ('08001', '[08001] [Microsoft][ODBC Driver 18 for SQL Server]Provedor TCP: Este host não é conhecido.\r\n (11001) (SQLDriverConnect); [08001] [Microsoft][ODBC Driver 18 for SQL Server]O tempo limite do logon expirou (0); [08001] [Microsoft][ODBC Driver 18 for SQL Server]Ocorreu um erro relacionado à rede ou específico da instância ao estabelecer uma conexão com www.minetrack.com.br,8112. Servidor não encontrado ou não acessível. Verifique se o nome da instância está correto e se o SQL Server está configurado para permitir conexões remotas. Para mais informações, veja os Manuais Online do SQL Server. (11001)')
(Background on this error at: https://sqlalche.me/e/20/e3q8)
2025-03-20 07:48:50,914 - ERROR - Erro na execução da query: (pyodbc.OperationalError) ('08001', '[08001] [Microsoft][ODBC Driver 18 for SQL Server]Provedor TCP: Este host não é conhecido.\r\n (11001) (SQLDriverConnect); [08001] [Microsoft][ODBC Driver 18 for SQL Server]O tempo limite do logon expirou (0); [08001] [Microsoft][ODBC Driver 18 for SQL Server]Ocorreu um erro relacionado à rede ou específico da instância ao estabelecer uma conexão com www.minetrack.com.br,8112. Servidor não encontrado ou não acessível. Verifique se o nome da instância está correto e se o SQL Server está configurado para permitir conexões remotas. Para mais informações, veja os Manuais Online do SQL Server. (11001)')
(Background on this error at: https://sqlalche.me/e/20/e3q8)
2025-03-20 07:48:50,915 - ERROR - Erro na execução da query: (pyodbc.OperationalError) ('08001', '[08001] [Microsoft][ODBC Driver 18 for SQL Server]Provedor TCP: Este host não é conhecido.\r\n (11001) (SQLDriverConnect); [08001] [Microsoft][ODBC Driver 18 for SQL Server]O tempo limite do logon expirou (0); [08001] [Microsoft][ODBC Driver 18 for SQL Server]Ocorreu um erro relacionado à rede ou específico da instância ao estabelecer uma conexão com www.minetrack.com.br,8112. Servidor não encontrado ou não acessível. Verifique se o nome da instância está correto e se o SQL Server está configurado para permitir conexões remotas. Para mais informações, veja os Manuais Online do SQL Server. (11001)')
(Background on this error at: https://sqlalche.me/e/20/e3q8)
2025-03-20 07:48:50,916 - ERROR - Erro na execução da query: (pyodbc.OperationalError) ('08001', '[08001] [Microsoft][ODBC Driver 18 for SQL Server]Provedor TCP: Este host não é conhecido.\r\n (11001) (SQLDriverConnect); [08001] [Microsoft][ODBC Driver 18 for SQL Server]O tempo limite do logon expirou (0); [08001] [Microsoft][ODBC Driver 18 for SQL Server]Ocorreu um erro relacionado à rede ou específico da instância ao estabelecer uma conexão com www.minetrack.com.br,8112. Servidor não encontrado ou não acessível. Verifique se o nome da instância está correto e se o SQL Server está configurado para permitir conexões remotas. Para mais informações, veja os Manuais Online do SQL Server. (11001)')
(Background on this error at: https://sqlalche.me/e/20/e3q8)
2025-03-20 07:48:50,917 - ERROR - Erro na execução da query: (pyodbc.OperationalError) ('08001', '[08001] [Microsoft][ODBC Driver 18 for SQL Server]Provedor TCP: Este host não é conhecido.\r\n (11001) (SQLDriverConnect); [08001] [Microsoft][ODBC Driver 18 for SQL Server]O tempo limite do logon expirou (0); [08001] [Microsoft][ODBC Driver 18 for SQL Server]Ocorreu um erro relacionado à rede ou específico da instância ao estabelecer uma conexão com www.minetrack.com.br,8112. Servidor não encontrado ou não acessível. Verifique se o nome da instância está correto e se o SQL Server está configurado para permitir conexões remotas. Para mais informações, veja os Manuais Online do SQL Server. (11001)')
(Background on this error at: https://sqlalche.me/e/20/e3q8)
2025-03-20 07:49:05,949 - ERROR - Erro na execução da query: (pyodbc.OperationalError) ('08001', '[08001] [Microsoft][ODBC Driver 18 for SQL Server]Provedor TCP: Este host não é conhecido.\r\n (11001) (SQLDriverConnect); [08001] [Microsoft][ODBC Driver 18 for SQL Server]O tempo limite do logon expirou (0); [08001] [Microsoft][ODBC Driver 18 for SQL Server]Ocorreu um erro relacionado à rede ou específico da instância ao estabelecer uma conexão com www.minetrack.com.br,8112. Servidor não encontrado ou não acessível. Verifique se o nome da instância está correto e se o SQL Server está configurado para permitir conexões remotas. Para mais informações, veja os Manuais Online do SQL Server. (11001)')
(Background on this error at: https://sqlalche.me/e/20/e3q8)
2025-03-20 07:49:05,951 - ERROR - Erro na execução da query: (pyodbc.OperationalError) ('08001', '[08001] [Microsoft][ODBC Driver 18 for SQL Server]Provedor TCP: Este host não é conhecido.\r\n (11001) (SQLDriverConnect); [08001] [Microsoft][ODBC Driver 18 for SQL Server]O tempo limite do logon expirou (0); [08001] [Microsoft][ODBC Driver 18 for SQL Server]Ocorreu um erro relacionado à rede ou específico da instância ao estabelecer uma conexão com www.minetrack.com.br,8112. Servidor não encontrado ou não acessível. Verifique se o nome da instância está correto e se o SQL Server está configurado para permitir conexões remotas. Para mais informações, veja os Manuais Online do SQL Server. (11001)')
(Background on this error at: https://sqlalche.me/e/20/e3q8)
2025-03-21 07:22:03,830 - INFO - Dash is running on http://127.0.0.1:8050/

2025-03-21 07:40:42,004 - INFO - Dash is running on http://127.0.0.1:8050/

2025-03-21 08:14:48,936 - INFO - Engine criado com sucesso.
2025-03-21 08:15:05,475 - INFO - Configurações de banco de dados carregadas com sucesso: {'server': 'www.minetrack.com.br,8112', 'database': 'DW_SDP_MT_FAS', 'user': 'SRV_FAS_CONSULTA', 'password': 'Sodep123!@#', 'driver': 'ODBC Driver 18 for SQL Server'}
2025-03-21 08:15:05,476 - INFO - Métas carregadas de C:\DashboardMineracao\metas.json
2025-03-21 08:15:05,494 - INFO - Engine criado com sucesso.
2025-03-21 08:20:12,825 - INFO - Configurações de banco de dados carregadas com sucesso: {'server': 'www.minetrack.com.br,8112', 'database': 'DW_SDP_MT_FAS', 'user': 'SRV_FAS_CONSULTA', 'password': 'Sodep123!@#', 'driver': 'ODBC Driver 18 for SQL Server'}
2025-03-21 08:20:12,826 - INFO - Métas carregadas de C:\DashboardMineracao\metas.json
2025-03-21 08:20:12,846 - INFO - Engine criado com sucesso.
2025-03-21 08:20:12,860 - INFO - Iniciando a aplicação Dash...
2025-03-21 08:20:12,870 - INFO - Executando o servidor no modo debug...
2025-03-21 08:36:21,725 - INFO - Configurações de banco de dados carregadas com sucesso: {'server': 'www.minetrack.com.br,8112', 'database': 'DW_SDP_MT_FAS', 'user': 'SRV_FAS_CONSULTA', 'password': 'Sodep123!@#', 'driver': 'ODBC Driver 18 for SQL Server'}
2025-03-21 08:36:21,726 - INFO - Métas carregadas de C:\DashboardMineracao\metas.json
2025-03-21 08:36:21,745 - INFO - Engine criado com sucesso.
2025-03-21 08:36:21,759 - INFO - Iniciando a aplicação Dash...
2025-03-21 08:36:21,771 - INFO - Executando o servidor no modo debug...
2025-03-21 08:37:08,860 - INFO - Token Mapbox ausente; usando open-street-map.
2025-03-21 08:37:08,873 - INFO - Token Mapbox ausente; usando open-street-map.
2025-03-21 08:37:43,753 - INFO - Configurações de banco de dados carregadas com sucesso: {'server': 'www.minetrack.com.br,8112', 'database': 'DW_SDP_MT_FAS', 'user': 'SRV_FAS_CONSULTA', 'password': 'Sodep123!@#', 'driver': 'ODBC Driver 18 for SQL Server'}
2025-03-21 08:37:43,755 - INFO - Métas carregadas de C:\DashboardMineracao\metas.json
2025-03-21 08:37:43,776 - INFO - Engine criado com sucesso.
2025-03-21 08:37:43,791 - INFO - Iniciando a aplicação Dash...
2025-03-21 08:37:43,802 - INFO - Executando o servidor no modo debug...
2025-03-21 08:38:09,984 - INFO - Configurações de banco de dados carregadas com sucesso: {'server': 'www.minetrack.com.br,8112', 'database': 'DW_SDP_MT_FAS', 'user': 'SRV_FAS_CONSULTA', 'password': 'Sodep123!@#', 'driver': 'ODBC Driver 18 for SQL Server'}
2025-03-21 08:38:09,985 - INFO - Métas carregadas de C:\DashboardMineracao\metas.json
2025-03-21 08:38:10,001 - INFO - Engine criado com sucesso.
2025-03-21 08:38:10,012 - INFO - Iniciando a aplicação Dash...
2025-03-21 08:38:10,020 - INFO - Executando o servidor no modo debug...
2025-03-21 08:58:04,482 - INFO - Configurações de banco de dados carregadas com sucesso: {'server': 'www.minetrack.com.br,8112', 'database': 'DW_SDP_MT_FAS', 'user': 'SRV_FAS_CONSULTA', 'password': 'Sodep123!@#', 'driver': 'ODBC Driver 18 for SQL Server'}
2025-03-21 08:58:04,483 - INFO - Métas carregadas de C:\DashboardMineracao\metas.json
2025-03-21 08:58:04,500 - INFO - Engine criado com sucesso.
2025-03-21 08:58:04,520 - INFO - Iniciando a aplicação Dash...
2025-03-21 08:58:04,529 - INFO - Executando o servidor no modo debug...
2025-03-21 09:41:41,927 - INFO - Configurações de banco de dados carregadas com sucesso: {'server': 'www.minetrack.com.br,8112', 'database': 'DW_SDP_MT_FAS', 'user': 'SRV_FAS_CONSULTA', 'password': 'Sodep123!@#', 'driver': 'ODBC Driver 18 for SQL Server'}
2025-03-21 09:41:41,928 - INFO - Métas carregadas de C:\DashboardMineracao\metas.json
2025-03-21 09:41:41,945 - INFO - Engine criado com sucesso.
2025-03-21 09:41:41,964 - INFO - Iniciando a aplicação Dash...
2025-03-21 09:41:41,972 - INFO - Executando o servidor no modo debug...
2025-03-21 09:48:21,655 - INFO - Configurações de banco de dados carregadas com sucesso: {'server': 'www.minetrack.com.br,8112', 'database': 'DW_SDP_MT_FAS', 'user': 'SRV_FAS_CONSULTA', 'password': 'Sodep123!@#', 'driver': 'ODBC Driver 18 for SQL Server'}
2025-03-21 09:48:21,656 - INFO - Métas carregadas de C:\DashboardMineracao\metas.json
2025-03-21 09:48:21,674 - INFO - Engine criado com sucesso.
2025-03-21 09:48:21,691 - INFO - Iniciando a aplicação Dash...
2025-03-21 09:48:21,700 - INFO - Executando o servidor no modo debug...
2025-03-21 09:49:46,412 - INFO - Configurações de banco de dados carregadas com sucesso: {'server': 'www.minetrack.com.br,8112', 'database': 'DW_SDP_MT_FAS', 'user': 'SRV_FAS_CONSULTA', 'password': 'Sodep123!@#', 'driver': 'ODBC Driver 18 for SQL Server'}
2025-03-21 09:49:46,412 - INFO - Métas carregadas de C:\DashboardMineracao\metas.json
2025-03-21 09:49:46,428 - INFO - Engine criado com sucesso.
2025-03-21 09:49:46,440 - INFO - Iniciando a aplicação Dash...
2025-03-21 09:49:46,449 - INFO - Executando o servidor no modo debug...
2025-03-21 10:12:14,783 - INFO - Configurações de banco de dados carregadas com sucesso: {'server': 'www.minetrack.com.br,8112', 'database': 'DW_SDP_MT_FAS', 'user': 'SRV_FAS_CONSULTA', 'password': 'Sodep123!@#', 'driver': 'ODBC Driver 18 for SQL Server'}
2025-03-21 10:12:14,783 - INFO - Métas carregadas de C:\DashboardMineracao\metas.json
2025-03-21 10:12:14,808 - INFO - Engine criado com sucesso.
2025-03-21 10:12:14,826 - INFO - Iniciando a aplicação Dash...
2025-03-21 10:12:14,836 - INFO - Executando o servidor no modo debug...
2025-03-21 10:19:35,080 - INFO - Configurações de banco de dados carregadas com sucesso: {'server': 'www.minetrack.com.br,8112', 'database': 'DW_SDP_MT_FAS', 'user': 'SRV_FAS_CONSULTA', 'password': 'Sodep123!@#', 'driver': 'ODBC Driver 18 for SQL Server'}
2025-03-21 10:19:35,081 - INFO - Métas carregadas de C:\DashboardMineracao\metas.json
2025-03-21 10:19:35,100 - INFO - Engine criado com sucesso.
2025-03-21 10:19:35,112 - INFO - Iniciando a aplicação Dash...
2025-03-21 10:19:35,123 - INFO - Executando o servidor no modo debug...
2025-03-21 10:23:14,940 - INFO - Configurações de banco de dados carregadas com sucesso: {'server': 'www.minetrack.com.br,8112', 'database': 'DW_SDP_MT_FAS', 'user': 'SRV_FAS_CONSULTA', 'password': 'Sodep123!@#', 'driver': 'ODBC Driver 18 for SQL Server'}
2025-03-21 10:23:14,941 - INFO - Métas carregadas de C:\DashboardMineracao\metas.json
2025-03-21 10:23:14,961 - INFO - Engine criado com sucesso.
2025-03-21 10:23:14,975 - INFO - Iniciando a aplicação Dash...
2025-03-21 10:23:14,986 - INFO - Executando o servidor no modo debug...
2025-03-21 10:35:18,924 - INFO - Configurações de banco de dados carregadas com sucesso: {'server': 'www.minetrack.com.br,8112', 'database': 'DW_SDP_MT_FAS', 'user': 'SRV_FAS_CONSULTA', 'password': 'Sodep123!@#', 'driver': 'ODBC Driver 18 for SQL Server'}
2025-03-21 10:35:18,925 - INFO - Métas carregadas de C:\DashboardMineracao\metas.json
2025-03-21 10:35:18,942 - INFO - Engine criado com sucesso.
2025-03-21 10:35:18,954 - INFO - Iniciando a aplicação Dash...
2025-03-21 10:35:18,963 - INFO - Executando o servidor no modo debug...
2025-03-21 10:36:10,710 - INFO - Configurações de banco de dados carregadas com sucesso: {'server': 'www.minetrack.com.br,8112', 'database': 'DW_SDP_MT_FAS', 'user': 'SRV_FAS_CONSULTA', 'password': 'Sodep123!@#', 'driver': 'ODBC Driver 18 for SQL Server'}
2025-03-21 10:36:10,711 - INFO - Métas carregadas de C:\DashboardMineracao\metas.json
2025-03-21 10:36:10,726 - INFO - Engine criado com sucesso.
2025-03-21 10:36:10,738 - INFO - Iniciando a aplicação Dash...
2025-03-21 10:36:10,745 - INFO - Executando o servidor no modo debug...
2025-03-21 10:57:52,729 - INFO - Configurações de banco de dados carregadas com sucesso: {'server': 'www.minetrack.com.br,8112', 'database': 'DW_SDP_MT_FAS', 'user': 'SRV_FAS_CONSULTA', 'password': 'Sodep123!@#', 'driver': 'ODBC Driver 18 for SQL Server'}
2025-03-21 10:57:52,730 - INFO - Métas carregadas de C:\DashboardMineracao\metas.json
2025-03-21 10:57:52,753 - INFO - Engine criado com sucesso.
2025-03-21 10:57:52,769 - INFO - Iniciando a aplicação Dash...
2025-03-21 10:57:52,780 - INFO - Executando o servidor no modo debug...
2025-03-21 11:22:14,334 - INFO - Configurações de banco de dados carregadas com sucesso: {'server': 'www.minetrack.com.br,8112', 'database': 'DW_SDP_MT_FAS', 'user': 'SRV_FAS_CONSULTA', 'password': 'Sodep123!@#', 'driver': 'ODBC Driver 18 for SQL Server'}
2025-03-21 11:22:14,335 - INFO - Métas carregadas de C:\DashboardMineracao\metas.json
2025-03-21 11:22:14,353 - INFO - Engine criado com sucesso.
2025-03-21 11:22:14,364 - INFO - Iniciando a aplicação Dash...
2025-03-21 11:22:14,376 - INFO - Executando o servidor no modo debug...
2025-03-21 11:27:07,457 - INFO - Configurações de banco de dados carregadas com sucesso: {'server': 'www.minetrack.com.br,8112', 'database': 'DW_SDP_MT_FAS', 'user': 'SRV_FAS_CONSULTA', 'password': 'Sodep123!@#', 'driver': 'ODBC Driver 18 for SQL Server'}
2025-03-21 11:27:07,458 - INFO - Métas carregadas de C:\DashboardMineracao\metas.json
2025-03-21 11:27:07,474 - INFO - Engine criado com sucesso.
2025-03-21 11:27:07,487 - INFO - Iniciando a aplicação Dash...
2025-03-21 11:27:07,497 - INFO - Executando o servidor no modo debug...
2025-03-21 11:27:25,859 - INFO - Configurações de banco de dados carregadas com sucesso: {'server': 'www.minetrack.com.br,8112', 'database': 'DW_SDP_MT_FAS', 'user': 'SRV_FAS_CONSULTA', 'password': 'Sodep123!@#', 'driver': 'ODBC Driver 18 for SQL Server'}
2025-03-21 11:27:25,859 - INFO - Métas carregadas de C:\DashboardMineracao\metas.json
2025-03-21 11:27:25,880 - INFO - Engine criado com sucesso.
2025-03-21 11:27:25,898 - INFO - Iniciando a aplicação Dash...
2025-03-21 11:27:25,909 - INFO - Executando o servidor no modo debug...
2025-03-21 11:47:19,212 - INFO - Configurações de banco de dados carregadas com sucesso: {'server': 'www.minetrack.com.br,8112', 'database': 'DW_SDP_MT_FAS', 'user': 'SRV_FAS_CONSULTA', 'password': 'Sodep123!@#', 'driver': 'ODBC Driver 18 for SQL Server'}
2025-03-21 11:47:19,214 - INFO - Métas carregadas de C:\DashboardMineracao\metas.json
2025-03-21 11:47:19,236 - INFO - Engine criado com sucesso.
2025-03-21 11:47:19,251 - INFO - Iniciando a aplicação Dash...
2025-03-21 11:47:19,260 - INFO - Executando o servidor no modo debug...
2025-03-21 12:07:53,564 - INFO - Configurações de banco de dados carregadas com sucesso: {'server': 'www.minetrack.com.br,8112', 'database': 'DW_SDP_MT_FAS', 'user': 'SRV_FAS_CONSULTA', 'password': 'Sodep123!@#', 'driver': 'ODBC Driver 18 for SQL Server'}
2025-03-21 12:07:53,565 - INFO - Métas carregadas de C:\DashboardMineracao\metas.json
2025-03-21 12:07:53,583 - INFO - Engine criado com sucesso.
2025-03-21 12:07:53,603 - INFO - Iniciando a aplicação Dash...
2025-03-21 12:07:53,611 - INFO - Executando o servidor no modo debug...
2025-03-21 12:08:27,359 - INFO - Configurações de banco de dados carregadas com sucesso: {'server': 'www.minetrack.com.br,8112', 'database': 'DW_SDP_MT_FAS', 'user': 'SRV_FAS_CONSULTA', 'password': 'Sodep123!@#', 'driver': 'ODBC Driver 18 for SQL Server'}
2025-03-21 12:08:27,360 - INFO - Métas carregadas de C:\DashboardMineracao\metas.json
2025-03-21 12:08:27,378 - INFO - Engine criado com sucesso.
2025-03-21 12:08:27,399 - INFO - Iniciando a aplicação Dash...
2025-03-21 12:08:27,408 - INFO - Executando o servidor no modo debug...
2025-03-21 12:40:00,818 - INFO - Configurações de banco de dados carregadas com sucesso: {'server': 'www.minetrack.com.br,8112', 'database': 'DW_SDP_MT_FAS', 'user': 'SRV_FAS_CONSULTA', 'password': 'Sodep123!@#', 'driver': 'ODBC Driver 18 for SQL Server'}
2025-03-21 12:40:00,819 - INFO - Métas carregadas de C:\DashboardMineracao\metas.json
2025-03-21 12:40:00,837 - INFO - Engine criado com sucesso.
2025-03-21 12:40:00,849 - INFO - Iniciando a aplicação Dash...
2025-03-21 12:40:00,859 - INFO - Executando o servidor no modo debug...
2025-03-21 12:48:36,032 - INFO - Configurações de banco de dados carregadas com sucesso: {'server': 'www.minetrack.com.br,8112', 'database': 'DW_SDP_MT_FAS', 'user': 'SRV_FAS_CONSULTA', 'password': 'Sodep123!@#', 'driver': 'ODBC Driver 18 for SQL Server'}
2025-03-21 12:48:36,033 - INFO - Métas carregadas de C:\DashboardMineracao\metas.json
2025-03-21 12:48:36,051 - INFO - Engine criado com sucesso.
2025-03-21 12:48:36,064 - INFO - Iniciando a aplicação Dash...
2025-03-21 12:48:36,074 - INFO - Executando o servidor no modo debug...
2025-03-21 13:37:45,659 - INFO - Configurações de banco de dados carregadas com sucesso: {'server': 'www.minetrack.com.br,8112', 'database': 'DW_SDP_MT_FAS', 'user': 'SRV_FAS_CONSULTA', 'password': 'Sodep123!@#', 'driver': 'ODBC Driver 18 for SQL Server'}
2025-03-21 13:37:45,660 - INFO - Métas carregadas de C:\DashboardMineracao\metas.json
2025-03-21 13:37:45,681 - INFO - Engine criado com sucesso.
2025-03-21 13:37:45,697 - INFO - Iniciando a aplicação Dash...
2025-03-21 13:37:45,708 - INFO - Executando o servidor no modo debug...
2025-03-21 13:38:05,222 - INFO - Configurações de banco de dados carregadas com sucesso: {'server': 'www.minetrack.com.br,8112', 'database': 'DW_SDP_MT_FAS', 'user': 'SRV_FAS_CONSULTA', 'password': 'Sodep123!@#', 'driver': 'ODBC Driver 18 for SQL Server'}
2025-03-21 13:38:05,223 - INFO - Métas carregadas de C:\DashboardMineracao\metas.json
2025-03-21 13:38:05,242 - INFO - Engine criado com sucesso.
2025-03-21 13:38:05,259 - INFO - Iniciando a aplicação Dash...
2025-03-21 13:38:05,269 - INFO - Executando o servidor no modo debug...
2025-03-21 13:50:55,223 - INFO - Configurações de banco de dados carregadas com sucesso: {'server': 'www.minetrack.com.br,8112', 'database': 'DW_SDP_MT_FAS', 'user': 'SRV_FAS_CONSULTA', 'password': 'Sodep123!@#', 'driver': 'ODBC Driver 18 for SQL Server'}
2025-03-21 13:50:55,224 - INFO - Métas carregadas de C:\DashboardMineracao\metas.json
2025-03-21 13:50:55,242 - INFO - Engine criado com sucesso.
2025-03-21 13:50:55,258 - INFO - Iniciando a aplicação Dash...
2025-03-21 13:50:55,266 - INFO - Executando o servidor no modo debug...
2025-03-21 14:06:05,593 - INFO - Configurações de banco de dados carregadas com sucesso: {'server': 'www.minetrack.com.br,8112', 'database': 'DW_SDP_MT_FAS', 'user': 'SRV_FAS_CONSULTA', 'password': 'Sodep123!@#', 'driver': 'ODBC Driver 18 for SQL Server'}
2025-03-21 14:06:05,595 - INFO - Métas carregadas de C:\DashboardMineracao\metas.json
2025-03-21 14:06:05,618 - INFO - Engine criado com sucesso.
2025-03-21 14:06:05,634 - INFO - Iniciando a aplicação Dash...
2025-03-21 14:06:05,646 - INFO - Executando o servidor no modo debug...
2025-03-21 14:06:49,385 - INFO - Configurações de banco de dados carregadas com sucesso: {'server': 'www.minetrack.com.br,8112', 'database': 'DW_SDP_MT_FAS', 'user': 'SRV_FAS_CONSULTA', 'password': 'Sodep123!@#', 'driver': 'ODBC Driver 18 for SQL Server'}
2025-03-21 14:06:49,386 - INFO - Métas carregadas de C:\DashboardMineracao\metas.json
2025-03-21 14:06:49,403 - INFO - Engine criado com sucesso.
2025-03-21 14:06:49,415 - INFO - Iniciando a aplicação Dash...
2025-03-21 14:06:49,426 - INFO - Executando o servidor no modo debug...
2025-03-21 15:02:56,608 - INFO - Configurações de banco de dados carregadas com sucesso: {'server': 'www.minetrack.com.br,8112', 'database': 'DW_SDP_MT_FAS', 'user': 'SRV_FAS_CONSULTA', 'password': 'Sodep123!@#', 'driver': 'ODBC Driver 18 for SQL Server'}
2025-03-21 15:02:56,609 - INFO - Métas carregadas de C:\DashboardMineracao\metas.json
2025-03-21 15:02:56,634 - INFO - Engine criado com sucesso.
2025-03-21 15:02:56,659 - INFO - Iniciando a aplicação Dash...
2025-03-21 15:02:56,675 - INFO - Executando o servidor no modo debug...
2025-03-21 15:09:06,815 - INFO - Configurações de banco de dados carregadas com sucesso: {'server': 'www.minetrack.com.br,8112', 'database': 'DW_SDP_MT_FAS', 'user': 'SRV_FAS_CONSULTA', 'password': 'Sodep123!@#', 'driver': 'ODBC Driver 18 for SQL Server'}
2025-03-21 15:09:06,816 - INFO - Métas carregadas de C:\DashboardMineracao\metas.json
2025-03-21 15:09:06,838 - INFO - Engine criado com sucesso.
2025-03-21 15:09:06,856 - INFO - Iniciando a aplicação Dash...
2025-03-21 15:09:06,866 - INFO - Executando o servidor no modo debug...
2025-03-21 15:16:04,363 - INFO - Configurações de banco de dados carregadas com sucesso: {'server': 'www.minetrack.com.br,8112', 'database': 'DW_SDP_MT_FAS', 'user': 'SRV_FAS_CONSULTA', 'password': 'Sodep123!@#', 'driver': 'ODBC Driver 18 for SQL Server'}
2025-03-21 15:16:04,363 - INFO - Métas carregadas de C:\DashboardMineracao\metas.json
2025-03-21 15:16:04,378 - INFO - Engine criado com sucesso.
2025-03-21 15:16:04,390 - INFO - Iniciando a aplicação Dash...
2025-03-21 15:16:04,397 - INFO - Executando o servidor no modo debug...
2025-03-21 15:21:30,687 - INFO - Configurações de banco de dados carregadas com sucesso: {'server': 'www.minetrack.com.br,8112', 'database': 'DW_SDP_MT_FAS', 'user': 'SRV_FAS_CONSULTA', 'password': 'Sodep123!@#', 'driver': 'ODBC Driver 18 for SQL Server'}
2025-03-21 15:21:30,688 - INFO - Métas carregadas de C:\DashboardMineracao\metas.json
2025-03-21 15:21:30,708 - INFO - Engine criado com sucesso.
2025-03-21 15:21:30,723 - INFO - Iniciando a aplicação Dash...
2025-03-21 15:21:30,734 - INFO - Executando o servidor no modo debug...
2025-03-21 15:24:53,899 - INFO - Configurações de banco de dados carregadas com sucesso: {'server': 'www.minetrack.com.br,8112', 'database': 'DW_SDP_MT_FAS', 'user': 'SRV_FAS_CONSULTA', 'password': 'Sodep123!@#', 'driver': 'ODBC Driver 18 for SQL Server'}
2025-03-21 15:24:53,900 - INFO - Métas carregadas de C:\DashboardMineracao\metas.json
2025-03-21 15:24:53,914 - INFO - Engine criado com sucesso.
2025-03-21 15:24:53,926 - INFO - Iniciando a aplicação Dash...
2025-03-21 15:24:53,936 - INFO - Executando o servidor no modo debug...
2025-03-21 15:25:37,864 - INFO - Configurações de banco de dados carregadas com sucesso: {'server': 'www.minetrack.com.br,8112', 'database': 'DW_SDP_MT_FAS', 'user': 'SRV_FAS_CONSULTA', 'password': 'Sodep123!@#', 'driver': 'ODBC Driver 18 for SQL Server'}
2025-03-21 15:25:37,864 - INFO - Métas carregadas de C:\DashboardMineracao\metas.json
2025-03-21 15:25:37,880 - INFO - Engine criado com sucesso.
2025-03-21 15:25:37,891 - INFO - Iniciando a aplicação Dash...
2025-03-21 15:25:37,900 - INFO - Executando o servidor no modo debug...
2025-03-21 15:29:28,366 - INFO - Configurações de banco de dados carregadas com sucesso: {'server': 'www.minetrack.com.br,8112', 'database': 'DW_SDP_MT_FAS', 'user': 'SRV_FAS_CONSULTA', 'password': 'Sodep123!@#', 'driver': 'ODBC Driver 18 for SQL Server'}
2025-03-21 15:29:28,367 - INFO - Métas carregadas de C:\DashboardMineracao\metas.json
2025-03-21 15:29:28,389 - INFO - Engine criado com sucesso.
2025-03-21 15:29:28,406 - INFO - Iniciando a aplicação Dash...
2025-03-21 15:29:28,417 - INFO - Executando o servidor no modo debug...
2025-03-21 15:36:36,514 - INFO - Configurações de banco de dados carregadas com sucesso: {'server': 'www.minetrack.com.br,8112', 'database': 'DW_SDP_MT_FAS', 'user': 'SRV_FAS_CONSULTA', 'password': 'Sodep123!@#', 'driver': 'ODBC Driver 18 for SQL Server'}
2025-03-21 15:36:36,515 - INFO - Métas carregadas de C:\DashboardMineracao\metas.json
2025-03-21 15:36:36,532 - INFO - Engine criado com sucesso.
2025-03-21 15:36:36,544 - INFO - Iniciando a aplicação Dash...
2025-03-21 15:36:36,552 - INFO - Executando o servidor no modo debug...
2025-03-21 15:37:06,939 - INFO - Configurações de banco de dados carregadas com sucesso: {'server': 'www.minetrack.com.br,8112', 'database': 'DW_SDP_MT_FAS', 'user': 'SRV_FAS_CONSULTA', 'password': 'Sodep123!@#', 'driver': 'ODBC Driver 18 for SQL Server'}
2025-03-21 15:37:06,940 - INFO - Métas carregadas de C:\DashboardMineracao\metas.json
2025-03-21 15:37:06,965 - INFO - Engine criado com sucesso.
2025-03-21 15:37:06,982 - INFO - Iniciando a aplicação Dash...
2025-03-21 15:37:06,994 - INFO - Executando o servidor no modo debug...
2025-03-21 15:41:44,210 - INFO - Configurações de banco de dados carregadas com sucesso: {'server': 'www.minetrack.com.br,8112', 'database': 'DW_SDP_MT_FAS', 'user': 'SRV_FAS_CONSULTA', 'password': 'Sodep123!@#', 'driver': 'ODBC Driver 18 for SQL Server'}
2025-03-21 15:41:44,211 - INFO - Métas carregadas de C:\DashboardMineracao\metas.json
2025-03-21 15:41:44,227 - INFO - Engine criado com sucesso.
2025-03-21 15:41:44,239 - INFO - Iniciando a aplicação Dash...
2025-03-21 15:41:44,248 - INFO - Executando o servidor no modo debug...
2025-03-21 15:51:03,378 - INFO - Configurações de banco de dados carregadas com sucesso: {'server': 'www.minetrack.com.br,8112', 'database': 'DW_SDP_MT_FAS', 'user': 'SRV_FAS_CONSULTA', 'password': 'Sodep123!@#', 'driver': 'ODBC Driver 18 for SQL Server'}
2025-03-21 15:51:03,379 - INFO - Métas carregadas de C:\DashboardMineracao\metas.json
2025-03-21 15:51:03,405 - INFO - Engine criado com sucesso.
2025-03-21 15:51:03,424 - INFO - Iniciando a aplicação Dash...
2025-03-21 15:51:03,435 - INFO - Executando o servidor no modo debug...
2025-03-21 16:29:44,055 - INFO - Configurações de banco de dados carregadas com sucesso: {'server': 'www.minetrack.com.br,8112', 'database': 'DW_SDP_MT_FAS', 'user': 'SRV_FAS_CONSULTA', 'password': 'Sodep123!@#', 'driver': 'ODBC Driver 18 for SQL Server'}
2025-03-21 16:29:44,056 - INFO - Métas carregadas de C:\DashboardMineracao\metas.json
2025-03-21 16:29:44,083 - INFO - Engine criado com sucesso.
2025-03-21 16:29:44,111 - INFO - Iniciando a aplicação Dash...
2025-03-21 16:29:44,125 - INFO - Executando o servidor no modo debug...
2025-03-21 16:49:09,905 - INFO - Configurações de banco de dados carregadas com sucesso: {'server': 'www.minetrack.com.br,8112', 'database': 'DW_SDP_MT_FAS', 'user': 'SRV_FAS_CONSULTA', 'password': 'Sodep123!@#', 'driver': 'ODBC Driver 18 for SQL Server'}
2025-03-21 16:49:09,906 - INFO - Métas carregadas de C:\DashboardMineracao\metas.json
2025-03-21 16:49:09,925 - INFO - Engine criado com sucesso.
2025-03-21 16:49:09,945 - INFO - Iniciando a aplicação Dash...
2025-03-21 16:49:09,954 - INFO - Executando o servidor no modo debug...
2025-03-21 16:50:26,673 - INFO - Configurações de banco de dados carregadas com sucesso: {'server': 'www.minetrack.com.br,8112', 'database': 'DW_SDP_MT_FAS', 'user': 'SRV_FAS_CONSULTA', 'password': 'Sodep123!@#', 'driver': 'ODBC Driver 18 for SQL Server'}
2025-03-21 16:50:26,674 - INFO - Métas carregadas de C:\DashboardMineracao\metas.json
2025-03-21 16:50:26,693 - INFO - Engine criado com sucesso.
2025-03-21 16:50:26,714 - INFO - Iniciando a aplicação Dash...
2025-03-21 16:50:26,725 - INFO - Executando o servidor no modo debug...
2025-03-21 16:50:44,711 - INFO - Configurações de banco de dados carregadas com sucesso: {'server': 'www.minetrack.com.br,8112', 'database': 'DW_SDP_MT_FAS', 'user': 'SRV_FAS_CONSULTA', 'password': 'Sodep123!@#', 'driver': 'ODBC Driver 18 for SQL Server'}
2025-03-21 16:50:44,712 - INFO - Métas carregadas de C:\DashboardMineracao\metas.json
2025-03-21 16:50:44,730 - INFO - Engine criado com sucesso.
2025-03-21 16:50:44,750 - INFO - Iniciando a aplicação Dash...
2025-03-21 16:50:44,760 - INFO - Executando o servidor no modo debug...
2025-03-21 16:51:33,023 - INFO - Configurações de banco de dados carregadas com sucesso: {'server': 'www.minetrack.com.br,8112', 'database': 'DW_SDP_MT_FAS', 'user': 'SRV_FAS_CONSULTA', 'password': 'Sodep123!@#', 'driver': 'ODBC Driver 18 for SQL Server'}
2025-03-21 16:51:33,025 - INFO - Métas carregadas de C:\DashboardMineracao\metas.json
2025-03-21 16:51:33,041 - INFO - Engine criado com sucesso.
2025-03-21 16:51:33,052 - INFO - Iniciando a aplicação Dash...
2025-03-21 16:51:33,062 - INFO - Executando o servidor no modo debug...
2025-03-21 16:51:33,064 - INFO - Dash is running on http://0.0.0.0:8050/

2025-03-21 16:51:34,500 - INFO - Configurações de banco de dados carregadas com sucesso: {'server': 'www.minetrack.com.br,8112', 'database': 'DW_SDP_MT_FAS', 'user': 'SRV_FAS_CONSULTA', 'password': 'Sodep123!@#', 'driver': 'ODBC Driver 18 for SQL Server'}
2025-03-21 16:51:34,501 - INFO - Métas carregadas de C:\DashboardMineracao\metas.json
2025-03-21 16:51:34,525 - INFO - Engine criado com sucesso.
2025-03-21 16:51:34,544 - INFO - Iniciando a aplicação Dash...
2025-03-21 16:51:34,557 - INFO - Executando o servidor no modo debug...
2025-03-21 16:55:25,282 - INFO - Configurações de banco de dados carregadas com sucesso: {'server': 'www.minetrack.com.br,8112', 'database': 'DW_SDP_MT_FAS', 'user': 'SRV_FAS_CONSULTA', 'password': 'Sodep123!@#', 'driver': 'ODBC Driver 18 for SQL Server'}
2025-03-21 16:55:25,283 - INFO - Métas carregadas de C:\DashboardMineracao\metas.json
2025-03-21 16:55:25,300 - INFO - Engine criado com sucesso.
2025-03-21 16:55:25,320 - INFO - Iniciando a aplicação Dash...
2025-03-21 16:55:25,328 - INFO - Executando o servidor no modo debug...
2025-03-21 16:59:41,546 - INFO - Configurações de banco de dados carregadas com sucesso: {'server': 'www.minetrack.com.br,8112', 'database': 'DW_SDP_MT_FAS', 'user': 'SRV_FAS_CONSULTA', 'password': 'Sodep123!@#', 'driver': 'ODBC Driver 18 for SQL Server'}
2025-03-21 16:59:41,547 - INFO - Métas carregadas de C:\DashboardMineracao\metas.json
2025-03-21 16:59:41,565 - INFO - Engine criado com sucesso.
2025-03-21 16:59:41,592 - INFO - Iniciando a aplicação Dash...
2025-03-21 16:59:41,602 - INFO - Executando o servidor no modo debug...
2025-03-21 17:07:44,619 - INFO - Configurações de banco de dados carregadas com sucesso: {'server': 'www.minetrack.com.br,8112', 'database': 'DW_SDP_MT_FAS', 'user': 'SRV_FAS_CONSULTA', 'password': 'Sodep123!@#', 'driver': 'ODBC Driver 18 for SQL Server'}
2025-03-21 17:07:44,620 - INFO - Métas carregadas de C:\DashboardMineracao\metas.json
2025-03-21 17:07:44,636 - INFO - Engine criado com sucesso.
2025-03-21 17:07:44,656 - INFO - Iniciando a aplicação Dash...
2025-03-21 17:07:44,665 - INFO - Executando o servidor no modo debug...
2025-03-22 07:08:28,786 - INFO - Configurações de banco de dados carregadas com sucesso: {'server': 'www.minetrack.com.br,8112', 'database': 'DW_SDP_MT_FAS', 'user': 'SRV_FAS_CONSULTA', 'password': 'Sodep123!@#', 'driver': 'ODBC Driver 18 for SQL Server'}
2025-03-22 07:08:28,787 - INFO - Métas carregadas de C:\DashboardMineracao\metas.json
2025-03-22 07:08:28,822 - INFO - Engine criado com sucesso.
2025-03-22 07:08:28,849 - INFO - Iniciando a aplicação Dash...
2025-03-22 07:08:28,864 - INFO - Executando o servidor no modo debug...
2025-03-22 08:29:34,247 - INFO - Configurações de banco de dados carregadas com sucesso: {'server': 'www.minetrack.com.br,8112', 'database': 'DW_SDP_MT_FAS', 'user': 'SRV_FAS_CONSULTA', 'password': 'Sodep123!@#', 'driver': 'ODBC Driver 18 for SQL Server'}
2025-03-22 08:29:34,248 - INFO - Métas carregadas de C:\DashboardMineracao\metas.json
2025-03-22 08:29:34,289 - INFO - Engine criado com sucesso.
2025-03-22 08:29:34,322 - INFO - Iniciando a aplicação Dash...
2025-03-22 08:29:34,342 - INFO - Executando o servidor no modo debug...
2025-03-22 09:38:51,416 - INFO - Configurações de banco de dados carregadas com sucesso: {'server': 'www.minetrack.com.br,8112', 'database': 'DW_SDP_MT_FAS', 'user': 'SRV_FAS_CONSULTA', 'password': 'Sodep123!@#', 'driver': 'ODBC Driver 18 for SQL Server'}
2025-03-22 09:38:51,417 - INFO - Métas carregadas de C:\DashboardMineracao\metas.json
2025-03-22 09:38:51,432 - INFO - Engine criado com sucesso.
2025-03-22 09:38:51,449 - INFO - Iniciando a aplicação Dash...
2025-03-22 09:38:51,457 - INFO - Executando o servidor no modo debug...
2025-03-22 09:41:30,336 - INFO - Configurações de banco de dados carregadas com sucesso: {'server': 'www.minetrack.com.br,8112', 'database': 'DW_SDP_MT_FAS', 'user': 'SRV_FAS_CONSULTA', 'password': 'Sodep123!@#', 'driver': 'ODBC Driver 18 for SQL Server'}
2025-03-22 09:41:30,337 - INFO - Métas carregadas de C:\DashboardMineracao\metas.json
2025-03-22 09:41:30,355 - INFO - Engine criado com sucesso.
2025-03-22 09:41:30,374 - INFO - Iniciando a aplicação Dash...
2025-03-22 09:41:30,382 - INFO - Executando o servidor no modo debug...
2025-03-24 07:17:32,938 - INFO - Configurações de banco de dados carregadas com sucesso: {'server': 'www.minetrack.com.br,8112', 'database': 'DW_SDP_MT_FAS', 'user': 'SRV_FAS_CONSULTA', 'password': 'Sodep123!@#', 'driver': 'ODBC Driver 18 for SQL Server'}
2025-03-24 07:17:32,939 - INFO - Métas carregadas de C:\DashboardMineracao\metas.json
2025-03-24 07:17:33,410 - INFO - Engine criado com sucesso.
2025-03-24 07:17:33,431 - INFO - Iniciando a aplicação Dash...
2025-03-24 07:17:33,451 - INFO - Executando o servidor no modo debug...
2025-03-24 07:17:33,452 - INFO - Dash is running on http://0.0.0.0:8050/

2025-03-24 07:17:35,396 - INFO - Configurações de banco de dados carregadas com sucesso: {'server': 'www.minetrack.com.br,8112', 'database': 'DW_SDP_MT_FAS', 'user': 'SRV_FAS_CONSULTA', 'password': 'Sodep123!@#', 'driver': 'ODBC Driver 18 for SQL Server'}
2025-03-24 07:17:35,397 - INFO - Métas carregadas de C:\DashboardMineracao\metas.json
2025-03-24 07:17:35,432 - INFO - Engine criado com sucesso.
2025-03-24 07:17:35,460 - INFO - Iniciando a aplicação Dash...
2025-03-24 07:17:35,478 - INFO - Executando o servidor no modo debug...
2025-03-24 16:54:37,838 - INFO - Configurações de banco de dados carregadas com sucesso: {'server': 'www.minetrack.com.br,8112', 'database': 'DW_SDP_MT_FAS', 'user': 'SRV_FAS_CONSULTA', 'password': 'Sodep123!@#', 'driver': 'ODBC Driver 18 for SQL Server'}
2025-03-24 16:54:37,839 - INFO - Métas carregadas de C:\DashboardMineracao\metas.json
2025-03-24 16:54:37,859 - INFO - Engine criado com sucesso.
2025-03-24 16:54:37,871 - INFO - Iniciando a aplicação Dash...
2025-03-24 16:54:37,882 - INFO - Executando o servidor no modo debug...
2025-03-24 16:54:55,124 - INFO - Configurações de banco de dados carregadas com sucesso: {'server': 'www.minetrack.com.br,8112', 'database': 'DW_SDP_MT_FAS', 'user': 'SRV_FAS_CONSULTA', 'password': 'Sodep123!@#', 'driver': 'ODBC Driver 18 for SQL Server'}
2025-03-24 16:54:55,125 - INFO - Métas carregadas de C:\DashboardMineracao\metas.json
2025-03-24 16:54:55,149 - INFO - Engine criado com sucesso.
2025-03-24 16:54:55,166 - INFO - Iniciando a aplicação Dash...
2025-03-24 16:54:55,177 - INFO - Executando o servidor no modo debug...
